<?xml version="1.0" encoding="UTF-8"?><testsuites time="0.187"><testsuite name="home page" tests="2" failures="1" errors="0" time="0.187" timestamp="2014-03-24T22:51:00.658Z" package="test/acceptance/home_page_test"><testcase name="HTTP status code is: 200" classname="test/acceptance/home_page_test" time="0.162"></testcase><testcase name="title is Jessica Portfolio Page" classname="test/acceptance/home_page_test" time="0.025"><failure type="assertTitle">title is Jessica Portfolio Page</failure></testcase><system-out></system-out></testsuite></testsuites>